Exporter version: 5.1.0, Blender version: 2.76 (sub 0)
========= Conversion from Blender to Babylon.js =========
	Scene settings used:
		selected layers only:  false
		flat shading entire scene:  false
		texture Method:  LEGACY
		texture directory:  /u/GIT/BasicallyAlone/public/models/
	Python World class constructor completed
	processing begun of mesh:  Suzanne
		WARNING: No materials have been assigned: 
		num positions      :  507
		num normals        :  507
		num uvs            :  0
		num uvs2           :  0
		num colors         :  0
		num indices        :  2904
	processing begun of camera (FreeCamera):  Camera
	processing begun of light (POINT):  Lamp
========= Writing of scene file started =========
========= Writing of scene file completed =========
========= end of processing =========
elapsed time:  0 min, 0.1176 secs
